2025-04-21 12:38:47,437 Worker rq:worker:fd82b9f087fc4c91854dfbe9db71fba5 started with PID 175475, version 2.3.2
2025-04-21 12:38:47,437 Subscribing to channel rq:pubsub:fd82b9f087fc4c91854dfbe9db71fba5
2025-04-21 12:38:47,450 *** Listening on home-ubuntu-frappe-bench:short, home-ubuntu-frappe-bench:default, home-ubuntu-frappe-bench:long...
2025-04-21 12:38:47,453 Cleaning registries for queue: home-ubuntu-frappe-bench:short
2025-04-21 12:38:47,455 Cleaning registries for queue: home-ubuntu-frappe-bench:default
2025-04-21 12:38:47,457 Cleaning registries for queue: home-ubuntu-frappe-bench:long
2025-04-21 12:42:24,594 Worker fd82b9f087fc4c91854dfbe9db71fba5 [PID 175475]: warm shut down requested
Traceback (most recent call last):
  File "/home/ubuntu/frappe-bench/env/lib/python3.12/site-packages/redis/connection.py", line 357, in connect
    sock = self.retry.call_with_retry(
           ^^^^^^^^^^^^^^^^^^^^^^^^^^^
  File "/home/ubuntu/frappe-bench/env/lib/python3.12/site-packages/redis/retry.py", line 62, in call_with_retry
    return do()
           ^^^^
  File "/home/ubuntu/frappe-bench/env/lib/python3.12/site-packages/redis/connection.py", line 358, in <lambda>
    lambda: self._connect(), lambda error: self.disconnect(error)
            ^^^^^^^^^^^^^^^
  File "/home/ubuntu/frappe-bench/env/lib/python3.12/site-packages/redis/connection.py", line 730, in _connect
    raise err
  File "/home/ubuntu/frappe-bench/env/lib/python3.12/site-packages/redis/connection.py", line 718, in _connect
    sock.connect(socket_address)
ConnectionRefusedError: [Errno 111] Connection refused

During handling of the above exception, another exception occurred:

Traceback (most recent call last):
  File "/home/ubuntu/frappe-bench/apps/frappe/frappe/utils/bench_helper.py", line 48, in invoke
    return super().invoke(ctx)
           ^^^^^^^^^^^^^^^^^^^
  File "/home/ubuntu/frappe-bench/env/lib/python3.12/site-packages/click/core.py", line 1697, in invoke
    return _process_result(sub_ctx.command.invoke(sub_ctx))
                           ^^^^^^^^^^^^^^^^^^^^^^^^^^^^^^^
  File "/home/ubuntu/frappe-bench/env/lib/python3.12/site-packages/click/core.py", line 1443, in invoke
    return ctx.invoke(self.callback, **ctx.params)
           ^^^^^^^^^^^^^^^^^^^^^^^^^^^^^^^^^^^^^^^
  File "/home/ubuntu/frappe-bench/env/lib/python3.12/site-packages/click/core.py", line 788, in invoke
    return __callback(*args, **kwargs)
           ^^^^^^^^^^^^^^^^^^^^^^^^^^^
  File "/home/ubuntu/frappe-bench/apps/frappe/frappe/commands/scheduler.py", line 206, in start_worker
    start_worker(
  File "/home/ubuntu/frappe-bench/apps/frappe/frappe/utils/background_jobs.py", line 341, in start_worker
    worker.work(
  File "/home/ubuntu/frappe-bench/env/lib/python3.12/site-packages/rq/worker.py", line 649, in work
    self.teardown()
  File "/home/ubuntu/frappe-bench/env/lib/python3.12/site-packages/rq/worker.py", line 1150, in teardown
    self.register_death()
  File "/home/ubuntu/frappe-bench/env/lib/python3.12/site-packages/rq/worker.py", line 897, in register_death
    p.execute()
  File "/home/ubuntu/frappe-bench/env/lib/python3.12/site-packages/redis/client.py", line 1524, in execute
    conn = self.connection_pool.get_connection("MULTI", self.shard_hint)
           ^^^^^^^^^^^^^^^^^^^^^^^^^^^^^^^^^^^^^^^^^^^^^^^^^^^^^^^^^^^^^
  File "/home/ubuntu/frappe-bench/env/lib/python3.12/site-packages/redis/connection.py", line 1422, in get_connection
    connection.connect()
  File "/home/ubuntu/frappe-bench/env/lib/python3.12/site-packages/redis/connection.py", line 363, in connect
    raise ConnectionError(self._error_message(e))
redis.exceptions.ConnectionError: Error 111 connecting to 127.0.0.1:11000. Connection refused.

Error 111 connecting to 127.0.0.1:11000. Connection refused.
2025-04-21 12:42:28,175 Worker rq:worker:b6537083d86e4347a3381131505cb987 started with PID 179910, version 2.3.2
2025-04-21 12:42:28,176 Subscribing to channel rq:pubsub:b6537083d86e4347a3381131505cb987
2025-04-21 12:42:28,181 *** Listening on home-ubuntu-frappe-bench:short, home-ubuntu-frappe-bench:default, home-ubuntu-frappe-bench:long...
2025-04-21 12:42:28,182 Cleaning registries for queue: home-ubuntu-frappe-bench:short
2025-04-21 12:42:28,184 Cleaning registries for queue: home-ubuntu-frappe-bench:default
2025-04-21 12:42:28,186 Cleaning registries for queue: home-ubuntu-frappe-bench:long
2025-04-21 12:44:27,438 Worker b6537083d86e4347a3381131505cb987 [PID 179910]: warm shut down requested
2025-04-21 12:44:27,459 Unsubscribing from channel rq:pubsub:b6537083d86e4347a3381131505cb987
2025-04-21 12:45:28,759 Worker rq:worker:8d36c823ca1e4109a9a0f56841572158 started with PID 183244, version 2.3.2
2025-04-21 12:45:28,759 Subscribing to channel rq:pubsub:8d36c823ca1e4109a9a0f56841572158
2025-04-21 12:45:28,761 *** Listening on home-ubuntu-frappe-bench:short, home-ubuntu-frappe-bench:default, home-ubuntu-frappe-bench:long...
2025-04-21 12:45:28,761 Cleaning registries for queue: home-ubuntu-frappe-bench:short
2025-04-21 12:45:28,765 Cleaning registries for queue: home-ubuntu-frappe-bench:default
2025-04-21 12:45:28,767 Cleaning registries for queue: home-ubuntu-frappe-bench:long
2025-04-21 12:48:00,978 Worker 8d36c823ca1e4109a9a0f56841572158 [PID 183244]: warm shut down requested
2025-04-21 12:48:01,009 Unsubscribing from channel rq:pubsub:8d36c823ca1e4109a9a0f56841572158
2025-04-21 12:48:04,629 Worker rq:worker:3c2ea96d6cfe40a3a1e62f9189c3ce85 started with PID 186157, version 2.3.2
2025-04-21 12:48:04,629 Subscribing to channel rq:pubsub:3c2ea96d6cfe40a3a1e62f9189c3ce85
2025-04-21 12:48:04,645 *** Listening on home-ubuntu-frappe-bench:short, home-ubuntu-frappe-bench:default, home-ubuntu-frappe-bench:long...
2025-04-21 12:48:04,651 Cleaning registries for queue: home-ubuntu-frappe-bench:short
2025-04-21 12:48:04,653 Cleaning registries for queue: home-ubuntu-frappe-bench:default
2025-04-21 12:48:04,656 Cleaning registries for queue: home-ubuntu-frappe-bench:long
2025-04-21 12:48:20,784 Worker 3c2ea96d6cfe40a3a1e62f9189c3ce85 [PID 186157]: warm shut down requested
2025-04-21 12:48:20,793 Unsubscribing from channel rq:pubsub:3c2ea96d6cfe40a3a1e62f9189c3ce85
2025-04-21 12:48:43,031 Worker rq:worker:b1a4b89ded5c45ae8cec13290d65ea05 started with PID 186951, version 2.3.2
2025-04-21 12:48:43,031 Subscribing to channel rq:pubsub:b1a4b89ded5c45ae8cec13290d65ea05
2025-04-21 12:48:43,033 *** Listening on home-ubuntu-frappe-bench:short, home-ubuntu-frappe-bench:default, home-ubuntu-frappe-bench:long...
2025-04-21 12:48:43,033 Cleaning registries for queue: home-ubuntu-frappe-bench:short
2025-04-21 12:48:43,035 Cleaning registries for queue: home-ubuntu-frappe-bench:default
2025-04-21 12:48:43,037 Cleaning registries for queue: home-ubuntu-frappe-bench:long
2025-04-21 13:02:13,134 Cleaning registries for queue: home-ubuntu-frappe-bench:short
2025-04-21 13:02:13,141 Cleaning registries for queue: home-ubuntu-frappe-bench:default
2025-04-21 13:02:13,146 Cleaning registries for queue: home-ubuntu-frappe-bench:long
2025-04-21 13:15:43,208 Cleaning registries for queue: home-ubuntu-frappe-bench:short
2025-04-21 13:15:43,212 Cleaning registries for queue: home-ubuntu-frappe-bench:default
2025-04-21 13:15:43,217 Cleaning registries for queue: home-ubuntu-frappe-bench:long
2025-04-21 13:29:13,294 Cleaning registries for queue: home-ubuntu-frappe-bench:short
2025-04-21 13:29:13,298 Cleaning registries for queue: home-ubuntu-frappe-bench:default
2025-04-21 13:29:13,310 Cleaning registries for queue: home-ubuntu-frappe-bench:long
2025-04-21 13:42:43,469 Cleaning registries for queue: home-ubuntu-frappe-bench:short
2025-04-21 13:42:43,476 Cleaning registries for queue: home-ubuntu-frappe-bench:default
2025-04-21 13:42:43,480 Cleaning registries for queue: home-ubuntu-frappe-bench:long
